   #   #   #   #   #   #   #   #   #   #   #   #   #   #   #   #   #   #   #   #   #   #   #   #   #   #   #   #   #   #   #   #   #   #   #   #   #   #   #   #   #
   # 256   # 198 197 196 195 194 193 192 191 190 189 188 187 186 187 188 189 190   # 172 171 170 169 168 167 166   # 128 127 126 125 124 123 122 121 120 121 122   #
   # 255   # 199   #   #   #   #   #   #   #   #   #   #   # 185   #   #   # 191   # 173   #   #   #   #   # 165   # 129   #   #   #   #   #   #   # 119   #   #   #
   # 254   # 200 201 202 203 204 205 206 207 208 209 210   # 184 183 182   # 192   # 174 175 176   # 162 163 164   # 130 131 132   # 122 121 120   # 118 117 116   #
   # 253   #   #   #   #   #   #   #   #   #   #   # 211   #   #   # 181   #   #   # 175   #   #   # 161   #   #   # 131   #   #   # 123   # 119   #   #   # 115   #
   # 252 251 250 249 248 249 250 251 252 253 254   # 212   # 218   # 180 179 178 177 176   # 158 159 160   # 134 133 132   # 126 125 124   # 118 117 116 115 114   #
   # 253   #   #   # 247   #   #   #   #   # 255   # 213   # 217   #   #   #   #   #   #   # 157   # 161   # 135   #   #   # 127   #   #   #   #   #   #   # 113   #
   # 254   # 304   # 246 245 244   # 258 257 256   # 214 215 216   # 326 327 328   # 154 155 156   # 162   # 136 137 138   # 128   # 106   # 108 109 110 111 112   #
   # 255   # 303   #   #   # 243   #   #   #   #   #   #   # 217   # 325   # 329   # 153   #   #   # 163   # 137   #   #   # 129   # 105   # 107   #   #   #   #   #
   # 256   # 302 301 300   # 242   # 236 235 234 233 232   # 218   # 324   # 330   # 152   # 166 165 164   # 138   # 132 131 130   # 104   # 106   #  96  97  98   #
   # 257   #   #   # 299   # 241   # 237   #   #   # 231   # 219   # 323   # 331   # 151   #   #   #   #   # 139   # 133   #   #   # 103   # 105   #  95   #   #   #
   # 258 259 260   # 298   # 240 239 238   # 228 229 230   # 220   # 322   # 332   # 150 149 148 147 146   # 140   # 134   # 100 101 102   # 104   #  94  93  92   #
   #   #   # 261   # 297   #   #   #   #   # 227   #   #   # 221   # 321   #   #   #   #   #   #   # 145   # 141   # 135   #  99   #   #   # 103   #  95   #  91   #
   # 264 263 262   # 296   # 286 285 284   # 226 225 224 223 222   # 320 319 318 317 316 315 314   # 144 143 142   # 136   #  98  99 100 101 102   #  96   #  90   #
   # 265   #   #   # 295   # 287   # 283   #   #   #   #   #   #   #   #   #   #   #   #   # 313   #   #   #   #   # 137   #  97   #   #   #   #   #   #   #  89   #
   # 266   # 296 295 294   # 288   # 282 283 284 285 286 287 288 289 290   # 300 301 302   # 312 311 310 311 312   # 138   #  96  95  94  93  92  91  90  89  88   #
   # 267   # 297   # 293   # 289   # 281   #   #   #   #   #   #   # 291   # 299   # 303   #   #   # 309   # 313   # 139   #   #   #   #   #   #   #   #   #  87   #
   # 268   # 298   # 292 291 290   # 280   # 302 301 300 301 302   # 292   # 298   # 304 305 306 307 308   # 314   # 140   #  70  71  72  73  74  75  76   #  86   #
   # 269   #   #   #   #   #   #   # 279   # 303   # 299   #   #   # 293   # 297   # 305   #   #   #   #   #   #   # 141   #  69   #   #   #   #   #  77   #  85   #
   # 270 271 272 273 274 275 276 277 278   # 304   # 298 297 296 295 294 295 296   # 306   # 152 151 150   # 144 143 142   #  68  69  70  71  72   #  78   #  84   #
   #   #   #   #   #   #   #   #   #   #   # 305   #   #   #   #   #   #   #   #   #   #   # 153   # 149   # 145   #   #   #  67   #   #   #  73   #   #   #  83   #
   # 324 325 326   # 312 311 310 309 308 307 306   # 380 381 382 383 384   # 270 271   D   # 154   # 148 147 146   #  68  67  66  65  64   #  74   #  80  81  82   #
   # 323   # 327   # 313   #   #   #   #   #   #   # 379   #   #   #   #   # 269   #   #   # 155   #   #   #   #   #   #   #   #   #  63   #  75   #  79   #   #   #
   # 322   # 328   # 314   # 388   # 382 381 380 379 378 377 376 375 374   # 268   # 158 157 156   # 170 171 172 173 174 175 176   #  62   #  76  77  78   #  56   #
   # 321   #   #   # 315   # 387   # 383   #   #   #   #   #   #   # 373   # 267   # 159   #   #   # 169   #   #   #   #   # 177   #  61   #   #   #   #   #  55   #
   # 320 319 318 317 316   # 386 385 384   # 362 363 364 365 366   # 372   # 266   # 160   # 166 167 168   # 182 181 180 179 178   #  60  59  58   #  56  55  54   #
   # 321   #   #   #   #   # 387   #   #   # 361   #   #   # 367   # 371   # 265   # 161   # 165   #   #   # 183   #   #   #   #   #   #   #  57   #   #   #  53   #
   # 322   # 396 397 398   # 388 389 390   # 360   # 382   # 368 369 370   # 264   # 162 163 164 165 166   # 184   #  30  29  28  29  30   #  56  55  54  53  52   #
   # 323   # 395   #   #   # 389   #   #   # 359   # 381   #   #   # 371   # 263   # 163   #   #   #   #   # 185   #   #   #  27   #   #   #   #   #   #   #  51   #
   # 324   # 394 393 392 391 390   # 356 357 358   # 380 379 378   # 372   # 262   # 164   # 198 197 196   # 186 187 188   #  26  27  28  29  30  31  32   #  50   #
   # 325   #   #   #   #   #   #   # 355   #   #   #   #   # 377   # 373   # 261   # 165   # 199   # 195   #   #   # 189   #  25   #  29   #   #   #   #   #  49   #
   # 326 327 328   # 350 351 352 353 354   # 244 245 246   # 376 375 374   # 260   # 166   # 200   # 194 193 192 191 190   #  24   #  30  31  32  33  34   #  48   #
   #   #   # 329   # 349   # 353   #   #   # 243   # 247   # 377   #   #   # 259   # 167   # 201   #   #   #   #   #   #   #  23   #   #   #   #   #  35   #  47   #
   # 348   # 330   # 348   # 354   # 240 241 242   # 248   # 378 379 380   # 258   # 168   # 202   #  28  27  26  25  24   #  22   #  16   #  38  37  36   #  46   #
   # 347   # 331   # 347   #   #   # 239   #   #   # 249   #   #   #   #   # 257   # 169   # 203   #   #   #   #   #  23   #  21   #  15   #  39   #   #   #  45   #
   # 346   # 332   # 346 345 344   # 238   # 236   # 250 251 252 253 254 255 256   # 170   # 204 205 206 207 208   #  22   #  20   #  14   #  40  41  42  43  44   #
   # 345   # 333   #   #   # 343   # 237   # 235   #   #   #   #   #   #   #   #   #   #   # 205   #   #   # 209   #  21   #  19   #  13   #   #   #   #   #   #   #
   # 344   # 334 335 336   # 342   # 236 235 234   # 228 227 226 225 224 223 222 221 220   # 206   # 212 211 210   #  20   #  18   #  12  11  10   #   4   3   2   #
   # 343   #   #   # 337   # 341   #   #   # 233   #   #   # 227   #   #   #   #   # 219   #   #   # 213   #   #   #  19   #  17   #  13   #   9   #   5   #   1   #
   # 342 341 340 339 338 339 340 341 342   # 232 231 230 229 228   # 222 221 220 219 218 217 216 215 214   #  20  19  18  17  16  15  14   #   8   7   6   #   X   #
   #   #   #   #   #   #   #   #   #   #   #   #   #   #   #   #   #   #   #   #   #   #   #   #   #   #   #   #   #   #   #   #   #   #   #   #   #   #   #   #   #
